ACTA2
ACTC1
ACVR2B
ACVRL1
ADAMTSL4
ADCK3
ARHGAP31
ARX
ATRX
B3GAT3
BCOR
BMPR2
BRAF
CACNA1C
CBL
CBS
CFC1
CHD7
CHST14
COL18A1
COL1A1
COL1A2
COL2A1
COL3A1
COL4A1
COL4A3
COL4A4
COL4A5
COL5A1
COL5A2
COL10A1
CREBBP
CRELD1
DHCR24
DHCR7
DLL3
DNAH11
DNAH5
DNAI1
DSG2
DSP
DTNA
ELN
ESCO2
EVC
EVC2
EYA1
FANCA
FANCC
FANCD2
FANCE
FASTKD2
FBN1
FBN2
FGD1
FGFR2
FLNA
FLNB
FOXC2
FOXH1
G6PC3
GATA4
GATA5
GATA6
GDF1
GJA1
GLI3
GPC3
HAND1
HANd2
HOXA1
HRAS
IGBP1
IRX4
JAG1
KCNJ2
KRAS
LBR
LEFTY2
LRP5
MAP2K1
MAP2K2
MEF2C
MID1
MKKS
MKS1
MYBPC3
MYCN
MYH11
MYH6
MYH7
MYLK
MYOCD
MYOT
NF1
NIPBL
NKX2.3
NKX2.5
NKX2.6
NODAL
NOTCH1
NOTCH2
NPHP3
NRAS
NSDHL
NUBPL
PCSK9
PEX7
PLOD1
PRKAB2
PRKG1
PTPN11
PTRF
RAF1
RAI1
RBM10
RET
RPL4
RPSA
SALL1
SALL4
SCN1B
SCN5A
SEMA5A
SHOC2
SKI
SLC2A10
SLC39A13
SMAD3
SMAD4
SMAD9
SNX3
SOS1
SOX2
SOX7
SPEG
TAZ
TBX1
TBX20
TBX3
TBX5
TCAP
TCTN3
TFAP2B
TGFB2
TGFBR1
TGFBR2
TGFBR3
THEMIS
TLL1
TNXB
TWIST1
UQCRB
VCL
VHL
ZFPM2
ZIC3
ZMPSTE24
ZNF469
