ADGRV1
ADSL
ALDH7A1
ARHGEF9
ARX
ATP1A2
ATP6AP2
BRD2
CACNA1A
CACNA1C
CACNA1H
CACNA1I
CACNB4
CASK
CASR
CDKL5
CELSR1
CHD2
CHRNA2
CHRNA4
CHRNB2
CLCN2
CLN3
CLN5
CLN6
CLN8
CNTNAP2
CSTB
CTSD
DNM1
EFHC1
EPM2A
FOXG1
GABRA1
GABRB3
GABRD
GABRG2
GAD2
GAMT
GATM
GNAO1
GRIN2A
GRIN2B
HCN1
HCN2
HCN3
HCN4
HTR1A
HTR1B
HTR1E
HTR1F
HTR2A
HTR2B
HTR2C
HTR3A
HTR3B
HTR3C
HTR3D
HTR3E
HTR4
HTR5A
HTR6
HTR7
KCNA1
KCNA2
KCNE1
KCNE2
KCNE3
KCNH2
KCNJ11
KCNMA1
KCNQ1
KCNQ2
KCNQ3
KCNT1
KCTD7
LGI1
MAPK10
MBD5
ME2
MECP2
MFSD8
NHLRC1
NRXN1
PCDH19
PHOX2B
PIGA
PLCB1
PNKP
PNPO
POLG
PPT1
PRICKLE1
PRICKLE2
PRRT2
RNASEH2A
RNASEH2B
RNASEH2C
RYR2
SAMHD1
SCARB2
SCN1A
SCN1B
SCN2A
SCN3B
SCN4B
SCN5A
SCN8A
SCN9A
SENP2
SLC25A22
SLC2A1
SLC9A6
SPTAN1
SRPX2
ST3GAL3
STXBP1
SUMO1
SYN1
TBC1D24
TCF4
TPP1
TREX1
TSC1
TSC2
UBE3A
ZEB2
