ABCC9
ACTA2
ACTC1
ACTN2
AKAP9
ANK2
BAG3
CACNA1C
CACNA1G
CACNA1H
CACNA1I
CACNA2D1
CACNB2
CALM1
CASQ2
CAV3
COL3A1
CRYAB
CSRP3
CTF1
CTNNA3
DES
DMD
DPP6
DSC2
DSG2
DSP
ECE1
EMD
EN1
EYA4
FBN1
FBN2
FHL2
FKTN
GJA1
GJA5
GLA
GPD1L
HCN1
HCN2
HCN4
JPH2
JUP
KCNA5
KCND3
KCNE1
KCNE1L
KCNE2
KCNE3
KCNE4
KCNH2
KCNJ2
KCNJ5
KCNJ8
KCNQ1
LAMA4
LAMP2
LDB3
LMNA
MYBPC3
MYH11
MYH6
MYH7
MYL2
MYL3
MYLK2
MYOZ2
MYPN
NEBL
NEXN
NOS1AP
NOTCH1
NPPA
NUP155
PDLIM3
PHOX2A
PHOX2B
PITX2
PKP2
PLN
PRKAG2
RANGRF
RBM20
RET
RYR2
SCN1B
SCN2B
SCN3B
SCN4B
SCN5A
SGCD
SLC6A4
SLC8A1
SLMAP
SLN
SMAD3
SNTA1
TAZ
TCAP
TGFB2
TGFB3
TGFBR1
TGFBR2
TGFBR3
TLX3
TMEM43
TMPO
TNNC1
TNNI3
TNNT2
TP63
TPM1
TRDN
TRPM4
TTN
TTR
VCL
